
> frontend@0.0.0 build
> next build

node.exe : ΓÜá 
Warning: Next.js 
inferred your 
workspace root, but it 
may not be correct.
At line:1 char:1
+ & "C:\Program 
Files\nodejs/node.exe" 
"C:\Program 
Files\nodejs/node_mo 
...
+ ~~~~~~~~~~~~~~~~~~~~~
~~~~~~~~~~~~~~~~~~~~~~~
~~~~~~~~~~~~~~~~~~~~~~~
~~
    + CategoryInfo     
         : 
NotSpecified:     (ΓÜá 
Warning: Ne...n    ot 
be correct.:Strin    
g) [], RemoteExcepti   
 on
    + 
FullyQualifiedErro    
rId : NativeCommandE   
 rror
 
 We detected multiple 
lockfiles and selected 
the directory of D:\Pro
jects\Ai_chatbot\packag
e-lock.json as the 
root directory.
 To silence this 
warning, set 
`turbopack.root` in 
your Next.js config, 
or consider removing 
one of the lockfiles 
if it's not needed.
   See https://nextjs.o
rg/docs/app/api-referen
ce/config/next-config-j
s/turbopack#root-direct
ory for more 
information.
 Detected additional 
lockfiles: 
   * D:\Projects\Ai_cha
tbot\frontend\package-l
ock.json

Γû▓ Next.js 16.1.6 (Turbopack)

  Creating an optimized production build ...
(node:40400) [MODULE_TY
PELESS_PACKAGE_JSON] 
Warning: Module type 
of file:///D:/Projects/
Ai_chatbot/frontend/pos
tcss.config.js is not 
specified and it 
doesn't parse as 
CommonJS.
Reparsing as ES module 
because module syntax 
was detected. This 
incurs a performance 
overhead.
To eliminate this 
warning, add "type": 
"module" to D:\Projects
\Ai_chatbot\frontend\pa
ckage.json.
(Use `node 
--trace-warnings ...` 
to show where the 
warning was created)
Γ£ô Compiled successfully in 1067.3ms
  Running TypeScript ...
  Collecting page data using 27 workers ...
  Generating static pages using 27 workers (0/6) ...
Error occurred 
prerendering page 
"/_not-found". Read 
more: https://nextjs.or
g/docs/messages/prerend
er-error
TypeError: Cannot read 
properties of 
undefined (reading 
'VITE_API_BASE_URL')
    at module 
evaluation (D:\Projects
\Ai_chatbot\frontend\.n
ext\server\chunks\ssr\[
root-of-the-server]__d0
dfecbf._.js:1:3213)
    at 
instantiateModule (D:\P
rojects\Ai_chatbot\fron
tend\.next\server\chunk
s\ssr\[turbopack]_runti
me.js:740:9)
    at getOrInstantiate
ModuleFromParent (D:\Pr
ojects\Ai_chatbot\front
end\.next\server\chunks
\ssr\[turbopack]_runtim
e.js:763:12)
    at 
Context.esmImport [as 
i] (D:\Projects\Ai_chat
bot\frontend\.next\serv
er\chunks\ssr\[turbopac
k]_runtime.js:228:20)
    at module 
evaluation (D:\Projects
\Ai_chatbot\frontend\.n
ext\server\chunks\ssr\f
rontend_28e9dd9d._.js:4
:10966)
    at 
instantiateModule (D:\P
rojects\Ai_chatbot\fron
tend\.next\server\chunk
s\ssr\[turbopack]_runti
me.js:740:9)
    at getOrInstantiate
ModuleFromParent (D:\Pr
ojects\Ai_chatbot\front
end\.next\server\chunks
\ssr\[turbopack]_runtim
e.js:763:12)
    at Context.commonJs
Require [as r] (D:\Proj
ects\Ai_chatbot\fronten
d\.next\server\chunks\s
sr\[turbopack]_runtime.
js:249:12) {
  digest: '2713112623'
}
Export encountered an 
error on 
/_not-found/page: 
/_not-found, exiting 
the build.
Γ¿» Next.js build 
worker exited with 
code: 1 and signal: 
null
