
> frontend@0.0.0 build
> next build

node.exe : ΓÜá Warning: 
Next.js inferred your 
workspace root, but it 
may not be correct.
At line:1 char:1
+ & "C:\Program 
Files\nodejs/node.exe" 
"C:\Program 
Files\nodejs/node_mo ...
+ ~~~~~~~~~~~~~~~~~~~~~~~
~~~~~~~~~~~~~~~~~~~~~~~~~
~~~~~~~~~~~~~~~~~~~~~
    + CategoryInfo       
       : NotSpecified:   
  (ΓÜá Warning: Ne...n   
 ot be correct.:Strin    
g) [], RemoteExcepti    
on
    + FullyQualifiedErro 
   rId : NativeCommandE  
  rror
 
 We detected multiple 
lockfiles and selected 
the directory of D:\Proje
cts\Ai_chatbot\package-lo
ck.json as the root 
directory.
 To silence this 
warning, set 
`turbopack.root` in your 
Next.js config, or 
consider removing one of 
the lockfiles if it's 
not needed.
   See https://nextjs.org
/docs/app/api-reference/c
onfig/next-config-js/turb
opack#root-directory for 
more information.
 Detected additional 
lockfiles: 
   * D:\Projects\Ai_chatb
ot\frontend\package-lock.
json

Γû▓ Next.js 16.1.6 (Turbopack)

  Creating an optimized production build ...
(node:34444) [MODULE_TYPE
LESS_PACKAGE_JSON] 
Warning: Module type of f
ile:///D:/Projects/Ai_cha
tbot/frontend/postcss.con
fig.js is not specified 
and it doesn't parse as 
CommonJS.
Reparsing as ES module 
because module syntax 
was detected. This 
incurs a performance 
overhead.
To eliminate this 
warning, add "type": 
"module" to D:\Projects\A
i_chatbot\frontend\packag
e.json.
(Use `node 
--trace-warnings ...` to 
show where the warning 
was created)
Γ£ô Compiled successfully in 1041.9ms
  Running TypeScript ...
  Collecting page data using 27 workers ...
  Generating static pages using 27 workers (0/6) ...
Error occurred 
prerendering page 
"/auth". Read more: https
://nextjs.org/docs/messag
es/prerender-error
ReferenceError: 
localStorage is not 
defined
    at g (D:\Projects\Ai_
chatbot\frontend\.next\se
rver\chunks\ssr\[root-of-
the-server]__a061dac0._.j
s:1:1494)
    at f (D:\Projects\Ai_
chatbot\frontend\.next\se
rver\chunks\ssr\[root-of-
the-server]__a061dac0._.j
s:1:4761) {
  digest: '312299962'
}
Export encountered an 
error on /auth/page: 
/auth, exiting the build.
Γ¿» Next.js build worker 
exited with code: 1 and 
signal: null
